<?xml version="1.0" encoding="UTF-8"?>
<testng-results skipped="0" failed="0" ignored="0" total="1" passed="1">
  <reporter-output>
  </reporter-output>
  <suite name="Default suite" duration-ms="12173" started-at="2022-03-21T18:48:50Z" finished-at="2022-03-21T18:49:02Z">
    <groups>
    </groups>
    <test name="Default test" duration-ms="12173" started-at="2022-03-21T18:48:50Z" finished-at="2022-03-21T18:49:02Z">
      <class name="testCases.DeleteOneProduct">
        <test-method status="PASS" signature="deleteOneProduct()[pri:0, instance:testCases.DeleteOneProduct@647fd8ce]" name="deleteOneProduct" duration-ms="12052" started-at="2022-03-21T18:48:50Z" finished-at="2022-03-21T18:49:02Z">
          <reporter-output>
          </reporter-output>
        </test-method> <!-- deleteOneProduct -->
      </class> <!-- testCases.DeleteOneProduct -->
    </test> <!-- Default test -->
  </suite> <!-- Default suite -->
</testng-results>
